Arguments: 
  C:\Program Files\nodejs\node.exe C:\Users\peedr\AppData\Roaming\npm\node_modules\yarn\bin\yarn.js add react-native-safe-area-context

PATH: 
  C:\Python310\Scripts\;C:\Python310\;C:\Windows\system32;C:\Windows;C:\Windows\System32\Wbem;C:\Windows\System32\WindowsPowerShell\v1.0\;C:\Windows\System32\OpenSSH\;C:\Program Files (x86)\NVIDIA Corporation\PhysX\Common;C:\Program Files\NVIDIA Corporation\NVIDIA NvDLISR;C:\Program Files\nodejs\;C:\ProgramData\chocolatey\bin;C:\Program Files\Git\cmd;C:\Users\peedr\AppData\Local\Microsoft\WindowsApps;;C:\Users\peedr\AppData\Local\Programs\Microsoft VS Code\bin;C:\Users\peedr\AppData\Roaming\npm

Yarn version: 
  1.22.19

Node version: 
  16.17.1

Platform: 
  win32 x64

Trace: 
  Error: EPERM: operation not permitted, unlink 'C:\Users\peedr\AppData\Local\Yarn\Cache\v6\npm-jsc-android-250230.2.1-3790313a970586a03ab0ad47defbc84df54f1b83-integrity\node_modules\jsc-android\.yarn-tarball.tgz'

npm manifest: 
  {
    "name": "animelist",
    "version": "1.0.0",
    "main": "node_modules/expo/AppEntry.js",
    "scripts": {
      "start": "expo start",
      "android": "expo start --android",
      "ios": "expo start --ios",
      "web": "expo start --web"
    },
    "dependencies": {
      "expo": "~46.0.13",
      "expo-status-bar": "~1.4.0",
      "react": "18.0.0",
      "react-native": "0.69.6"
    },
    "devDependencies": {
      "@babel/core": "^7.12.9"
    },
    "private": true
  }

yarn manifest: 
  No manifest

Lockfile: 
  No lockfile
